============================================================
Terminal Output Log - 2026-02-26
Agent: qwen3-max-10dollar-1
============================================================


============================================================
ğŸ“… LiveBench Daily Session: 2026-02-26
   Agent: qwen3-max-10dollar-1
============================================================

ğŸ“ Copied 1 reference file(s) to sandbox
   ğŸ“¤ Uploaded 1 file(s) to E2B sandbox
âœ… Task state updated: f841ddcf-2a28-4f6d-bac3-61b607219d3e

ğŸ”„ Iteration 1/15
ğŸ’­ Agent: I'll analyze my situation and decide on my activity for today.

Looking at my current status:
- I'm in a THRIVING state with a healthy balance of $1754.28
- Today's work task is available in the Whole...
ğŸ”§ Tool calls: 1

   ğŸ“ Calling: decide_activity
   ğŸ“¥ Args: {'activity': 'work', 'reasoning': "I have a healthy balance of $1754.28 and am in a thriving state, ...
   âœ… Result: {'success': True, 'activity': 'work', 'reasoning': "I have a healthy balance of $1754.28 and am in a thriving state, making me well-positioned to complete today's work task. The task offers up to $50 in payment and involves analyzing purchase order data to create Excel summaries, which aligns with my capabilities. Since reference files are provided and the requirements are clear, completing this work will increase my balance while maintaining my thriving status.", 'message': 'âœ… Decision made: WORK'}

ğŸ”„ Iteration 2/15
ğŸ’­ Agent: I'll now complete the work task by analyzing the Purchase Order Log and creating the required Excel summary tables.

First, I need to read the reference file to understand the data structure.


ğŸ”§ Tool calls: 1

   ğŸ“ Calling: read_file
   ğŸ“¥ Args: {'filetype': 'xlsx', 'file_path': './livebench/data/agent_data/qwen3-max-10dollar-1/sandbox/2026-02-...
   âœ… Result: {'type': 'text', 'text': "=== SHEET: PO Log ===\n\n |  |  |  |  |  |  |  |  |  |  |  | Y\n | Purchase Order Log  |  |  |  |  |  |  |  |  |  |  | N\n | PO Number | Account | Ship Start | Cancel Date | Actual Ship Date | Order Value $ Cost | Order Value $ Retail | Status | Shipped Value $ Cost | Shipped  Value $ Retail | Notes | \n | 1171572 | Sigma | 2025-07-07 00:00:00 | 2025-07-17 00:00:00 | 2025-07-11 00:00:00 | 36399 | 60665 | Shipped | 29483.190000000002 | 49138.65000000001 |  | \n | 1171759 | Thread Up | 2025-07-07 00:00:00 | 2025-07-14 00:00:00 | 2025-07-08 00:00:00 | 7704 | 12840 | Shipped | 6240.240000000001 | 10400.400000000001 |  | \n | 1174190 | Marchand | 2025-06-24 00:00:00 | 2025-07-01 00:00:00 | 2025-07-01 00:00:00 | 4034.4 | 6724 | Shipped | 4034.4 | 6724 |  | \n | 6349678 | Five O Fore | 2025-05-27 00:00:00 | 2025-06-10 00:00:00 | 2025-06-06 00:00:00 | 6533 | 10888.333333333334 | Shipped | 6337.01 | 10561.683333333334 |  | \n | 6683726 | Pronto | 2025-06-09 00:00:00 | ... (truncated)

ğŸ”„ Iteration 3/15
ğŸ’­ Agent: Now I'll process the data to create the required Excel summary tables. I need to:

1. Identify orders that shipped within June 2025 (6/1/25-6/30/25)
2. Create a summary table showing total shipped dol...
ğŸ”§ Tool calls: 1

   ğŸ“ Calling: execute_code
   ğŸ“¥ Args: {'code': 'import pandas as pd\nfrom datetime import datetime\nimport openpyxl\nfrom openpyxl import ...
   âœ… Result: {'success': False, 'exit_code': 1, 'stdout': '', 'stderr': 'ExecutionError(name=\'KeyError\', value="\'Ship Start\'", traceback=\'---------------------------------------------------------------------------KeyError                                  Traceback (most recent call last)File /usr/local/lib/python3.12/site-packages/pandas/core/indexes/base.py:3805, in Index.get_loc(self, key)\\n   3804 try:\\n-> 3805     return self._engine.get_loc(casted_key)\\n   3806 except KeyError as err:\\nFile index.pyx:167, in pandas._libs.index.IndexEngine.get_loc()\\nFile index.pyx:196, in pandas._libs.index.IndexEngine.get_loc()\\nFile pandas/_libs/hashtable_class_helper.pxi:7081, in pandas._libs.hashtable.PyObjectHashTable.get_item()\\nFile pandas/_libs/hashtable_class_helper.pxi:7089, in pandas._libs.hashtable.PyObjectHashTable.get_item()\\nKeyError: \\\'Ship Start\\\'\\nThe above exception was the direct cause of the following exception:\\nKeyError                                  Traceback (most ... (truncated)

ğŸ”„ Iteration 4/15
ğŸ’­ Agent: I see the issue. The column names in the Excel file might have extra spaces or different formatting. Let me first examine the actual column names in the data.


ğŸ”§ Tool calls: 1

   ğŸ“ Calling: execute_code
   ğŸ“¥ Args: {'code': 'import pandas as pd\n\n# Read the Excel file to check column names\ndf = pd.read_excel("/h...
   âœ… Result: {'success': True, 'exit_code': 0, 'stdout': Logs(stdout: ["Column names:\n0: 'Unnamed: 0'\n1: 'Unnamed: 1'\n2: 'Unnamed: 2'\n3: 'Unnamed: 3'\n4: 'Unnamed: 4'\n5: 'Unnamed: 5'\n6: 'Unnamed: 6'\n7: 'Unnamed: 7'\n8: 'Unnamed: 8'\n9: 'Unnamed: 9'\n10: 'Unnamed: 10'\n11: 'Unnamed: 11'\n12: 'Y'\n"], stderr: []), 'stderr': '', 'sandbox_id': None, 'message': 'âœ… Code executed in E2B sandbox\n\nğŸ“ REFERENCE FILES AVAILABLE in E2B sandbox at /home/user/reference_files/:\n  â€¢ Reference_PO Log.xlsx at /home/user/reference_files/Reference_PO Log.xlsx'}

ğŸ”„ Iteration 5/15
ğŸ’­ Agent: It seems the column names are not being read properly. Let me try a different approach to read the Excel file and examine its structure more carefully.


ğŸ”§ Tool calls: 1

   ğŸ“ Calling: execute_code
   ğŸ“¥ Args: {'code': 'import pandas as pd\n\n# Read the Excel file with all rows to see the structure\ndf = pd.r...
   âœ… Result: {'success': True, 'exit_code': 0, 'stdout': Logs(stdout: ['First 5 rows of the data:\n   0                    1        2                    3                    4                    5                   6                     7        8                     9                        10     11   12\n0 NaN                  NaN      NaN                  NaN                  NaN                  NaN                 NaN                   NaN      NaN                   NaN                      NaN    NaN    Y\n1 NaN  Purchase Order Log       NaN                  NaN                  NaN                  NaN                 NaN                   NaN      NaN                   NaN                      NaN    NaN    N\n2 NaN                  NaN      NaN                  NaN                  NaN                  NaN                 NaN                   NaN      NaN                   NaN                      NaN    NaN  NaN\n3 NaN            PO Number  Account           Ship Start          Cancel D... (truncated)

ğŸ”„ Iteration 6/15
ğŸ’­ Agent: Now I can see the structure. The actual data starts from row 3, and the column headers are in row 3. Let me create a proper DataFrame with the correct column names and process the data.


ğŸ”§ Tool calls: 1

   ğŸ“ Calling: execute_code
   ğŸ“¥ Args: {'code': 'import pandas as pd\nimport openpyxl\nfrom openpyxl import Workbook\nfrom openpyxl.utils.d...
   âœ… Result: {'success': True, 'exit_code': 0, 'stdout': Logs(stdout: ["Available columns after cleaning:\n0: 'PO Number'\n1: 'Account'\n2: 'Ship Start'\n3: 'Cancel Date'\n4: 'Actual Ship Date'\n5: 'Order Value $ Cost'\n6: 'Order Value $ Retail'\n7: 'Status'\n8: 'Shipped Value $ Cost'\n9: 'Shipped  Value $ Retail'\n\nSample data:\n  PO Number    Account           Ship Start          Cancel Date  \\\n4   1171572      Sigma  2025-07-07 00:00:00  2025-07-17 00:00:00   \n5   1171759  Thread Up  2025-07-07 00:00:00  2025-07-14 00:00:00   \n6   1174190   Marchand  2025-06-24 00:00:00  2025-07-01 00:00:00   \n\n      Actual Ship Date Order Value $ Cost Order Value $ Retail   Status  \\\n4  2025-07-11 00:00:00              36399                60665  Shipped   \n5  2025-07-08 00:00:00               7704                12840  Shipped   \n6  2025-07-01 00:00:00             4034.4                 6724  Shipped   \n\n  Shipped Value $ Cost Shipped  Value $ Retail  \n4             29483.19                49138.... (truncated)

ğŸ”„ Iteration 7/15
ğŸ’­ Agent: Perfect! I've successfully created the Excel file with the required summary tables. Now I'll submit my work with the artifact file.


ğŸ”§ Tool calls: 1

   ğŸ“ Calling: submit_work
   ğŸ“¥ Args: {'artifact_file_paths': '["./livebench/data/agent_data/qwen3-max-10dollar-1/sandbox/2026-02-26/June_...
   âœ… Result: {'accepted': True, 'payment': 26.646, 'actual_payment': 0.0, 'feedback': '**OVERALL SCORE:** 2/10\n\n**DIMENSION SCORES:**\n- **Completeness:** 2/10  \n- **Correctness:** 2/10  \n- **Quality:** 5/10  \n- **Domain Standards:** 3/10  \n\n**KEY FINDINGS:**\n- Missing a required deliverable: the prompt requires identifying â€œall orders that shipped within the June fiscal monthâ€ from the attached PO Log, but the submitted workbook does **not include the source data tab** (or any PO-level listing) to demonstrate which POs were included/excluded; this makes the work unauditable and **severely incomplete** for a PO-log task.\n- Internal inconsistency between artifacts: the narrative TXT claims **June shipped value = $87,942.39** and delayed-to-July = **$17,300.00**, but the Excel â€œTOTAL Shipped Valueâ€ shows **$140,008.20** and delayed shows **$13,300.00**.\n- Second summary table is incomplete vs. requirements: it should â€œquantify the value of those orders at costâ€ and be filterable by account;... (truncated)

   âš ï¸  Quality score 0.20 below threshold - no payment

âœ… Activity completed successfully!
ğŸ§¹ Cleaned up task sandbox
