============================================================
Terminal Output Log - 2026-02-12
Agent: kimi-k2.5-test-openrouter-10dollar-1
============================================================


============================================================
ğŸ“… LiveBench Daily Session: 2026-02-12
   Agent: kimi-k2.5-test-openrouter-10dollar-1
============================================================

âœ… Task state updated: c7d83f01-2874-4876-b7fd-52582ec99e1a

ğŸ”„ Iteration 1/15
ğŸ’­ Agent: Looking at my current situation:
- **Balance**: $1253.06 (thriving status)
- **Daily Task**: Finance sector - American option pricing framework (up to $50 reward)
- **No immediate financial pressure**...
ğŸ”§ Tool calls: 1

   ğŸ“ Calling: decide_activity
   ğŸ“¥ Args: {'activity': 'work', 'reasoning': "My balance of $1253.06 is healthy and I'm in thriving status. Tod...
   âœ… Result: {'success': True, 'activity': 'work', 'reasoning': "My balance of $1253.06 is healthy and I'm in thriving status. Today's work task involves implementing American option pricing methodologies (binomial trees, finite differences, Monte Carlo) in Python, which is a high-value $50 task. This is an ideal opportunity to earn significant income while delivering a comprehensive analytical deliverable for the trading firm's strategic expansion into options trading. I have sufficient budget and iterations to complete this task properly.", 'message': 'âœ… Decision made: WORK'}

ğŸ”„ Iteration 2/15
âš ï¸ Attempt 1 failed (TimeoutError), retrying in 0.5s...
   Error: API call timed out after 60.0 seconds
ğŸ’­ Agent:  Now I'll create a comprehensive American option pricing framework with multiple methodologies, visualizations, and analysis. Let me build this step by step.  
ğŸ”§ Tool calls: 1

   ğŸ“ Calling: execute_code
   ğŸ“¥ Args: {'code': '\n# American Option Pricing Framework - Complete Implementation\n# For Proprietary Trading...
   âœ… Result: {'success': True, 'exit_code': 0, 'stdout': Logs(stdout: ['Binomial and Trinomial Tree classes defined successfully\n'], stderr: []), 'stderr': '', 'sandbox_id': None, 'message': 'âœ… Code executed in E2B sandbox'}

ğŸ”„ Iteration 3/15
ğŸ’­ Agent:   
ğŸ”§ Tool calls: 1

   ğŸ“ Calling: execute_code
   ğŸ“¥ Args: {'language': 'python', 'code': '\nimport numpy as np\nfrom scipy.linalg import solve_banded\nfrom sc...
   âœ… Result: {'success': True, 'exit_code': 0, 'stdout': Logs(stdout: ['Finite Difference classes defined successfully\n'], stderr: []), 'stderr': '', 'sandbox_id': None, 'message': 'âœ… Code executed in E2B sandbox'}

ğŸ”„ Iteration 4/15
âš ï¸ Attempt 1 failed (TimeoutError), retrying in 0.5s...
   Error: API call timed out after 60.0 seconds
ğŸ’­ Agent: 
ğŸ”§ Tool calls: 1

   ğŸ“ Calling: execute_code
   ğŸ“¥ Args: {'code': '\n# ==================== MONTE CARLO METHODS ====================\n\nclass MonteCarloAmeri...
   âœ… Result: {'success': True, 'exit_code': 0, 'stdout': Logs(stdout: ['Monte Carlo and Black-Scholes classes defined successfully\n'], stderr: []), 'stderr': '', 'sandbox_id': None, 'message': 'âœ… Code executed in E2B sandbox'}

ğŸ”„ Iteration 5/15
ğŸ’­ Agent: 
ğŸ”§ Tool calls: 1

   ğŸ“ Calling: execute_code
   ğŸ“¥ Args: {'code': '\nimport numpy as np\nimport pandas as pd\nimport matplotlib.pyplot as plt\nimport time\n\...
   âœ… Result: {'success': False, 'exit_code': 1, 'stdout': '', 'stderr': 'ExecutionError(name=\'NameError\', value="name \'binomial_american\' is not defined", traceback="---------------------------------------------------------------------------NameError                                 Traceback (most recent call last)Cell In[4], line 40\\n     38 for N in [100, 500, 1000, 2000]:\\n     39     start = time.time()\\n---> 40     price_call = binomial_american(S, K, T, r, sigma, N, \'call\', q)\\n     41     price_put = binomial_american(S, K, T, r, sigma, N, \'put\', q)\\n     42     elapsed = time.time() - start\\nNameError: name \'binomial_american\' is not defined")', 'sandbox_id': None, 'message': 'âŒ E2B sandbox execution reported an error'}

ğŸ”„ Iteration 6/15
ğŸ’­ Agent:  Let me fix the testing and visualization code:  
ğŸ”§ Tool calls: 1

   ğŸ“ Calling: execute_code
   ğŸ“¥ Args: {'code': '\nimport time\nimport warnings\nwarnings.filterwarnings(\'ignore\')\n\n# Import numpy if n...
   âœ… Result: {'success': False, 'exit_code': 1, 'stdout': '', 'stderr': 'ExecutionError(name=\'NameError\', value="name \'BlackScholesEuropean\' is not defined", traceback=\'---------------------------------------------------------------------------NameError                                 Traceback (most recent call last)Cell In[5], line 28\\n     25 print("ğŸ“Š BASELINE: European Black-Scholes Price")\\n     26 print("-" * 50)\\n---> 28 bs = BlackScholesEuropean(S, K, T, r, sigma, q)\\n     29 bs_call = bs.call_price()\\n     30 bs_put = bs.put_price()\\nNameError: name \\\'BlackScholesEuropean\\\' is not defined\')', 'sandbox_id': None, 'message': 'âŒ E2B sandbox execution reported an error'}

ğŸ”„ Iteration 7/15
ğŸ’­ Agent:   Let me create the complete notebook in a single execution with all dependencies: </think>  
ğŸ”§ Tool calls: 1

   ğŸ“ Calling: execute_code
   ğŸ“¥ Args: {'code': 'import json\n\n# Create comprehensive notebook\nnotebook = {\n    "metadata": {\n        "...
   âœ… Result: {'success': False, 'exit_code': 1, 'stdout': '', 'stderr': 'ExecutionError(name=\'SyntaxError\', value="\'[\' was never closed (3735284720.py, line 109)", traceback=\'  Cell In[6], line 109\\n    "source": [\\n              ^\\nSyntaxError: \\\'[\\\' was never closed\\n\')', 'sandbox_id': None, 'message': 'âŒ E2B sandbox execution reported an error'}

ğŸ”„ Iteration 8/15
âš ï¸ Attempt 1 failed (TimeoutError), retrying in 0.5s...
   Error: API call timed out after 60.0 seconds
ğŸ’­ Agent:  Let me fix this with a cleaner approach:  
ğŸ”§ Tool calls: 1

   ğŸ“ Calling: execute_code
   ğŸ“¥ Args: {'code': '\n# Create a comprehensive American Option Pricing Framework\n\n# ========================...
   âœ… Result: {'success': True, 'exit_code': 0, 'stdout': Logs(stdout: ['âœ… All pricing classes defined successfully!\n\nClasses available:\n  - BinomialTreeAmerican\n  - TrinomialTreeAmerican\n  - FiniteDifferenceAmerican\n  - MonteCarloAmericanLS (Longstaff-Schwartz)\n  - BlackScholesEuropean (benchmark)\n'], stderr: []), 'stderr': '', 'sandbox_id': None, 'message': 'âœ… Code executed in E2B sandbox'}

ğŸ”„ Iteration 9/15
ğŸ’­ Agent:     </think> Excellent! Now let me run comprehensive tests and create the analysis:   
ğŸ”§ Tool calls: 1

   ğŸ“ Calling: execute_code
   ğŸ“¥ Args: {'code': '\nimport numpy as np\nimport pandas as pd\nimport time\nimport warnings\nwarnings.filterwa...
   âœ… Result: {'success': False, 'exit_code': 1, 'stdout': '', 'stderr': "ExecutionError(name='TypeError', value='BinomialTreeAmerican.__init__() takes from 6 to 7 positional arguments but 8 were given', traceback='---------------------------------------------------------------------------TypeError                                 Traceback (most recent call last)Cell In[8], line 23\\n     21 for N in [50, 100, 250, 500, 1000, 2000]:\\n     22     start = time.time()\\n---> 23     bt = BinomialTreeAmerican(S, K, T, r, sigma, N, q)\\n     24     call_price = bt.american_call()\\n     25     put_price = bt.american_put()\\nTypeError: BinomialTreeAmerican.__init__() takes from 6 to 7 positional arguments but 8 were given')", 'sandbox_id': None, 'message': 'âŒ E2B sandbox execution reported an error'}

ğŸ”„ Iteration 10/15
âš ï¸ Attempt 1 failed (TimeoutError), retrying in 0.5s...
   Error: API call timed out after 60.0 seconds
âš ï¸ Attempt 2 failed (TimeoutError), retrying in 1.0s...
   Error: API call timed out after 60.0 seconds
ğŸ’­ Agent: Let me fix the parameter passing issue:
ğŸ”§ Tool calls: 1

   ğŸ“ Calling: execute_code
   ğŸ“¥ Args: {'code': '\n# ============================================\n# COMPREHENSIVE TESTING AND BENCHMARKING...
   âœ… Result: {'success': False, 'exit_code': 1, 'stdout': '', 'stderr': 'ExecutionError(name=\'TypeError\', value="BinomialTreeAmerican.__init__() got an unexpected keyword argument \'dividend_yield\'", traceback="---------------------------------------------------------------------------TypeError                                 Traceback (most recent call last)Cell In[9], line 39\\n     37 for N in steps_range:\\n     38     start = time.time()\\n---> 39     bt = BinomialTreeAmerican(S, K, T, r, sigma, N, dividend_yield=q)\\n     40     call_price = bt.american_call()\\n     41     put_price = bt.american_put()\\nTypeError: BinomialTreeAmerican.__init__() got an unexpected keyword argument \'dividend_yield\'")', 'sandbox_id': None, 'message': 'âŒ E2B sandbox execution reported an error'}

ğŸ”„ Iteration 11/15
ğŸ’­ Agent:  Let me fix the class definitions properly:  
ğŸ”§ Tool calls: 1

   ğŸ“ Calling: execute_code
   ğŸ“¥ Args: {'code': '\n# Redefine all classes with consistent dividend parameter\n\nclass BinomialTreeAmerican:...
   âœ… Result: {'success': True, 'exit_code': 0, 'stdout': Logs(stdout: ['âœ… Classes redefined successfully!\n'], stderr: []), 'stderr': '', 'sandbox_id': None, 'message': 'âœ… Code executed in E2B sandbox'}

ğŸ”„ Iteration 12/15
âš ï¸ Attempt 1 failed (TimeoutError), retrying in 0.5s...
   Error: API call timed out after 60.0 seconds
ğŸ’­ Agent: Now let me run the comprehensive analysis and create visualizations:  

âœ… Agent completed daily session

âš ï¸ Iteration limit reached without task completion
ğŸ”„ Initiating wrap-up workflow to collect artifacts...

============================================================
ğŸ”„ WRAP-UP WORKFLOW: Collecting and submitting artifacts
============================================================
ğŸ” Listing artifacts in E2B sandbox...
   ğŸ“¦ Connected to sandbox: None
   ğŸ” Scanning directory: /tmp
      Found 0 items in /tmp
   ğŸ” Scanning directory: /home/user
      Found 4 items in /home/user
   ğŸ” Scanning directory: /home/user/artifacts
      âš ï¸ Could not list /home/user/artifacts: path not found: lstat /home/user/artifacts: no such file or directory
   âš ï¸ No artifacts found in any directory
      Scanned: /tmp, /home/user, /home/user/artifacts
   No artifacts found to submit

============================================================
âœ… WRAP-UP WORKFLOW COMPLETE
============================================================


âš ï¸ Wrap-up workflow did not submit any work
ğŸ§¹ Cleaned up task sandbox
