============================================================
Terminal Output Log - 2026-07-08
Agent: qwen3-max-10dollar-1
============================================================


============================================================
ğŸ“… LiveBench Daily Session: 2026-07-08
   Agent: qwen3-max-10dollar-1
============================================================

ğŸ“ Copied 2 reference file(s) to sandbox
   ğŸ“¤ Uploaded 2 file(s) to E2B sandbox
âœ… Task state updated: a0552909-bc66-4a3a-8970-ee0d17b49718

ğŸ”„ Iteration 1/15
ğŸ’­ Agent: I need to analyze my current situation and decide whether to work or learn today.

Looking at my status:
- I'm currently THRIVING with a balance of $6,730.24
- My net worth is the same as my balance
-...
ğŸ”§ Tool calls: 1

   ğŸ“ Calling: decide_activity
   ğŸ“¥ Args: {'activity': 'work', 'reasoning': "I am currently thriving with a healthy balance of $6,730.24, but ...
   âœ… Result: {'success': True, 'activity': 'work', 'reasoning': "I am currently thriving with a healthy balance of $6,730.24, but I can earn an additional $50 by completing today's work task. The task is well-defined with clear requirements and reference files provided. Completing this work will further increase my financial buffer while practicing valuable skills in document creation and data organization for healthcare settings.", 'message': 'âœ… Decision made: WORK'}

ğŸ”„ Iteration 2/15
ğŸ’­ Agent: I'll complete the work task by first examining the reference files to understand the requirements and data structure.


ğŸ”§ Tool calls: 1

   ğŸ“ Calling: read_file
   ğŸ“¥ Args: {'filetype': 'xlsx', 'file_path': './livebench/data/agent_data/qwen3-max-10dollar-1/sandbox/2026-07-...
   âœ… Result: {'type': 'text', 'text': '=== SHEET: Sheet 1 - July 2025 - Bulk Form ===\n\n | July 2025 - Bulk Forms Needed (Our Email is : reach@oncologytesting.com) |  |  |  |  |  | \n | Lab Name  | Patient ID  | Patient First Name  | Patient Last Name  | Date Of Birth  | Pathology Accession # | Request Sent Date \n | Minnesota Pathology  | 100234 | Marie  | Jones  | 1996-02-08 00:00:00 | D645 | 2025-07-03 00:00:00\n | Arizona Pathology | 100453 | Claire  | Hernandez | 1987-06-05 00:00:00 | M738 | 2025-07-03 00:00:00\n | Canyon Pathology | 100978 | Julianne  | Ferns | 1963-04-05 00:00:00 | F563 | 2025-07-03 00:00:00\n | Arizona Pathology | 100657 | Laura  | Moore  | 1989-03-04 00:00:00 | J888 | 2025-07-03 00:00:00\n | Canyon Pathology | 100745 | Justin  | Gonzalez | 1989-02-06 00:00:00 | K091 | 2025-07-03 00:00:00\n | Minnesota Pathology  | 100888 | Jacob  | Lawrence | 1974-07-24 00:00:00 | L675 | 2025-07-10 00:00:00\n | Minnesota Pathology  | 100901 | Greg | Frederick | 1976-07-25 00:00:00 | F456 ... (truncated)

ğŸ”„ Iteration 3/15
ğŸ’­ Agent: Now I'll examine the REACH LOGO.pdf file to understand how to incorporate it into the Excel sheets.


ğŸ”§ Tool calls: 1

   ğŸ“ Calling: read_file
   ğŸ“¥ Args: {'filetype': 'pdf', 'file_path': './livebench/data/agent_data/qwen3-max-10dollar-1/sandbox/2026-07-0...
   âœ… Result: {'type': 'text', 'text': 'REACH | ONCOLOGY', 'message': 'PDF processed via OCR (model does not support multimodal input).'}

ğŸ”„ Iteration 4/15
ğŸ’­ Agent: Now I have all the information I need to complete the task. I'll create three Excel sheets for each pathology lab (Minnesota Pathology, Arizona Pathology, and Canyon Pathology) and three Word email te...
ğŸ”§ Tool calls: 1

   ğŸ“ Calling: execute_code
   ğŸ“¥ Args: {'code': 'import pandas as pd\nfrom openpyxl import Workbook\nfrom openpyxl.styles import PatternFil...
   âœ… Result: {'success': False, 'exit_code': 1, 'stdout': '', 'stderr': 'ExecutionError(name=\'KeyError\', value="\'Lab Name\'", traceback=\'---------------------------------------------------------------------------KeyError                                  Traceback (most recent call last)File /usr/local/lib/python3.12/site-packages/pandas/core/indexes/base.py:3805, in Index.get_loc(self, key)\\n   3804 try:\\n-> 3805     return self._engine.get_loc(casted_key)\\n   3806 except KeyError as err:\\nFile index.pyx:167, in pandas._libs.index.IndexEngine.get_loc()\\nFile index.pyx:196, in pandas._libs.index.IndexEngine.get_loc()\\nFile pandas/_libs/hashtable_class_helper.pxi:7081, in pandas._libs.hashtable.PyObjectHashTable.get_item()\\nFile pandas/_libs/hashtable_class_helper.pxi:7089, in pandas._libs.hashtable.PyObjectHashTable.get_item()\\nKeyError: \\\'Lab Name\\\'\\nThe above exception was the direct cause of the following exception:\\nKeyError                                  Traceback (most rece... (truncated)

ğŸ”„ Iteration 5/15
ğŸ’­ Agent: I see the issue. The column name might be different in the actual Excel file. Let me check the structure of the Excel file more carefully.


ğŸ”§ Tool calls: 1

   ğŸ“ Calling: read_file
   ğŸ“¥ Args: {'filetype': 'xlsx', 'file_path': './livebench/data/agent_data/qwen3-max-10dollar-1/sandbox/2026-07-...
   âœ… Result: {'type': 'text', 'text': '=== SHEET: Sheet 1 - July 2025 - Bulk Form ===\n\n | July 2025 - Bulk Forms Needed (Our Email is : reach@oncologytesting.com) |  |  |  |  |  | \n | Lab Name  | Patient ID  | Patient First Name  | Patient Last Name  | Date Of Birth  | Pathology Accession # | Request Sent Date \n | Minnesota Pathology  | 100234 | Marie  | Jones  | 1996-02-08 00:00:00 | D645 | 2025-07-03 00:00:00\n | Arizona Pathology | 100453 | Claire  | Hernandez | 1987-06-05 00:00:00 | M738 | 2025-07-03 00:00:00\n | Canyon Pathology | 100978 | Julianne  | Ferns | 1963-04-05 00:00:00 | F563 | 2025-07-03 00:00:00\n | Arizona Pathology | 100657 | Laura  | Moore  | 1989-03-04 00:00:00 | J888 | 2025-07-03 00:00:00\n | Canyon Pathology | 100745 | Justin  | Gonzalez | 1989-02-06 00:00:00 | K091 | 2025-07-03 00:00:00\n | Minnesota Pathology  | 100888 | Jacob  | Lawrence | 1974-07-24 00:00:00 | L675 | 2025-07-10 00:00:00\n | Minnesota Pathology  | 100901 | Greg | Frederick | 1976-07-25 00:00:00 | F456 ... (truncated)

ğŸ”„ Iteration 6/15
ğŸ’­ Agent: I see the issue. The Excel file has a header row that spans multiple columns, and the actual column headers are in the second row. Let me create a more robust solution that handles this structure prop...
ğŸ”§ Tool calls: 1

   ğŸ“ Calling: execute_code
   ğŸ“¥ Args: {'code': 'import os\nimport pandas as pd\nfrom openpyxl import Workbook\nfrom openpyxl.styles import...
   âœ… Result: {'success': True, 'exit_code': 0, 'stdout': Logs(stdout: ['ARTIFACT_PATH:/tmp/output/Minnesota_Pathology_Bulk_Form.xlsx\nARTIFACT_PATH:/tmp/output/Arizona_Pathology_Bulk_Form.xlsx\nARTIFACT_PATH:/tmp/output/Canyon_Pathology_Bulk_Form.xlsx\n'], stderr: []), 'stderr': '', 'sandbox_id': None, 'message': 'âœ… Code executed in E2B sandbox\n\nğŸ“ REFERENCE FILES AVAILABLE in E2B sandbox at /home/user/reference_files/:\n  â€¢ REACH LOGO.pdf at /home/user/reference_files/REACH LOGO.pdf\n  â€¢ July 2025 - Bulk Form Needed.xlsx at /home/user/reference_files/July 2025 - Bulk Form Needed.xlsx\n\nğŸ“¥ DOWNLOADED 3 ARTIFACT(S) - Use these paths for submit_work:\n  âœ… ./livebench/data/agent_data/qwen3-max-10dollar-1/sandbox/2026-07-08/Minnesota_Pathology_Bulk_Form.xlsx\n  âœ… ./livebench/data/agent_data/qwen3-max-10dollar-1/sandbox/2026-07-08/Arizona_Pathology_Bulk_Form.xlsx\n  âœ… ./livebench/data/agent_data/qwen3-max-10dollar-1/sandbox/2026-07-08/Canyon_Pathology_Bulk_Form.xlsx\n\nâš ï¸ IMPORTANT: Use the paths above... (truncated)

ğŸ”„ Iteration 7/15
ğŸ’­ Agent: Great! Now I have created the three Excel files. Next, I need to create the three Word email templates for each pathology lab.


ğŸ”§ Tool calls: 1

   ğŸ“ Calling: execute_code
   ğŸ“¥ Args: {'code': 'from docx import Document\n\n# Create email templates for each lab\nlabs = ["Minnesota Pat...
   âœ… Result: {'success': True, 'exit_code': 0, 'stdout': Logs(stdout: ['ARTIFACT_PATH:/tmp/output/Minnesota_Pathology_Email_Template.docx\nARTIFACT_PATH:/tmp/output/Arizona_Pathology_Email_Template.docx\nARTIFACT_PATH:/tmp/output/Canyon_Pathology_Email_Template.docx\n'], stderr: []), 'stderr': '', 'sandbox_id': None, 'message': 'âœ… Code executed in E2B sandbox\n\nğŸ“ REFERENCE FILES AVAILABLE in E2B sandbox at /home/user/reference_files/:\n  â€¢ REACH LOGO.pdf at /home/user/reference_files/REACH LOGO.pdf\n  â€¢ July 2025 - Bulk Form Needed.xlsx at /home/user/reference_files/July 2025 - Bulk Form Needed.xlsx\n\nğŸ“¥ DOWNLOADED 3 ARTIFACT(S) - Use these paths for submit_work:\n  âœ… ./livebench/data/agent_data/qwen3-max-10dollar-1/sandbox/2026-07-08/Minnesota_Pathology_Email_Template.docx\n  âœ… ./livebench/data/agent_data/qwen3-max-10dollar-1/sandbox/2026-07-08/Arizona_Pathology_Email_Template.docx\n  âœ… ./livebench/data/agent_data/qwen3-max-10dollar-1/sandbox/2026-07-08/Canyon_Pathology_Email_Template.docx\n\nâš ï¸ ... (truncated)

ğŸ”„ Iteration 8/15
ğŸ’­ Agent: Perfect! Now I have all the required files. Let me submit all six artifacts (3 Excel files and 3 Word templates) for the work task.


ğŸ”§ Tool calls: 1

   ğŸ“ Calling: submit_work
   ğŸ“¥ Args: {'artifact_file_paths': '["./livebench/data/agent_data/qwen3-max-10dollar-1/sandbox/2026-07-08/Minne...
   âœ… Result: {'accepted': True, 'payment': 46.354000000000006, 'actual_payment': 0.0, 'feedback': '**OVERALL SCORE:** 2/10\n\n**DIMENSION SCORES:**\n- **Completeness (40%)**: 2/10  \n- **Correctness (30%)**: 1/10  \n- **Quality (20%)**: 3/10  \n- **Domain Standards (10%)**: 4/10  \n\n**KEY FINDINGS:**\n- Three Excel bulk forms and three Word email templates were submitted and are openable, but the Excel forms appear to be essentially empty and do not include the patient rows from the reference spreadsheet.\n- Required Excel features cannot be verified or are likely missing from the artifacts shown: embedded Reach logo, matching theme/color scheme, and the requested Yes/No/N/A data validation dropdowns.\n- Sorting â€œbased on the request sent dateâ€ is not demonstrable because there is no populated data in the tables.\n\n**FEEDBACK:**\nStep 1 requirements included generating three separate Excel bulk forms **starting from the attached reference spreadsheet**, meaning each labâ€™s file should contain the ... (truncated)

   âš ï¸  Quality score 0.20 below threshold - no payment

âœ… Activity completed successfully!
ğŸ§¹ Cleaned up task sandbox
