============================================================
Terminal Output Log - 2026-01-22
Agent: qwen3-max-10dollar-1
============================================================


============================================================
ğŸ“… LiveBench Daily Session: 2026-01-22
   Agent: qwen3-max-10dollar-1
============================================================

ğŸ“ Copied 1 reference file(s) to sandbox
   ğŸ“¤ Uploaded 1 file(s) to E2B sandbox
âœ… Task state updated: 5f6c57dd-feb6-4e70-b152-4969d92d1608

ğŸ”„ Iteration 1/15
ğŸ’­ Agent: I need to analyze my current situation and decide whether to work or learn today.

Current status:
- Balance: $724.06 (healthy, THRIVING status)
- Today's work task is available in Finance and Insuran...
ğŸ”§ Tool calls: 1

   ğŸ“ Calling: decide_activity
   ğŸ“¥ Args: {'activity': 'work', 'reasoning': "I'm in a thriving financial state with $724.06 balance, which giv...
   âœ… Result: {'success': True, 'activity': 'work', 'reasoning': "I'm in a thriving financial state with $724.06 balance, which gives me room to handle the token costs for this complex financial analysis task. The work offers up to $50 payment, which is valuable income. The task involves creating Excel financial models which aligns with my capabilities, and I have all necessary reference files available. Completing this work will increase my net worth while maintaining my healthy financial position.", 'message': 'âœ… Decision made: WORK'}

ğŸ”„ Iteration 2/15
ğŸ’­ Agent: I'll now work on completing the financial reporting task. First, I need to read the reference file to understand the data structure.


ğŸ”§ Tool calls: 1

   ğŸ“ Calling: read_file
   ğŸ“¥ Args: {'filetype': 'xlsx', 'file_path': './livebench/data/agent_data/qwen3-max-10dollar-1/sandbox/2026-01-...
   âœ… Result: {'type': 'text', 'text': '=== SHEET: Raw Data ===\n\n | Branch | Region | Account | M1 | M2 | M3 | M4 | M5 | M6 | M7 | M8 | M9 | M10 | M11 | M12 | M13 | M14 | M15 | M16 | M17 | M18 | M19 | M20 | M21 | M22 | M23 | M24\n | Branch 1 | G | G&A Admin Headcount | 0 | 0 | 0 | 0 | 0 | 0 | 0 | 0 | 0 | 0 | 0 | 0 | 0 | 0 | 0 | 0 | 0 | 0 | 0 | 0 | 0 | 0 | 0 | 0\n | Branch 2 | G | G&A Admin Headcount | 0 | 0 | 0 | 0 | 0 | 0 | 0 | 0 | 0 | 0 | 0 | 0 | 0 | 0 | 0 | 0 | 0 | 0 | 0 | 0 | 0 | 0 | 0 | 0\n | Branch 1 | G | G&A Admin SG&A | 0 | 0 | 0 | 0 | 0 | 0 | 0 | 0 | 0 | 0 | 0 | 0 | 0 | 0 | 0 | 0 | 0 | 0 | 0 | 0 | 0 | 0 | 0 | 0\n | Branch 2 | G | G&A Admin SG&A | 0 | 0 | 0 | 0 | 0 | 0 | 0 | 0 | 0 | 0 | 0 | 0 | 0 | 0 | 0 | 0 | 0 | 0 | 0 | 0 | 0 | 0 | 0 | 0\n | Branch 1 | G | Marketing Headcount | 0 | 0 | 0 | 0 | 0 | 0 | 0 | 0 | 0 | 0 | 0 | 0 | 0 | 0 | 0 | 0 | 0 | 0 | 0 | 0 | 0 | 0 | 0 | 0\n | Branch 2 | G | Marketing Headcount | 0 | 0 | 0 | 0 | 0 | 0 | 0 | 0 | 0 | 0 | 0 | 0 | 0 | 0 | 0 | 0 | 0 | 0 | 0 | 0... (truncated)

ğŸ”„ Iteration 3/15
ğŸ’­ Agent: Now I need to understand the data structure better and create the required Excel workbook with the five worksheets. Let me analyze what accounts are available and how to calculate the required metrics...
ğŸ”§ Tool calls: 1

   ğŸ“ Calling: execute_code
   ğŸ“¥ Args: {'code': 'import pandas as pd\nimport numpy as np\nfrom openpyxl import Workbook\nfrom openpyxl.styl...
   âœ… Result: {'success': False, 'exit_code': 1, 'stdout': '', 'stderr': 'ExecutionError(name=\'KeyError\', value="\'Branch\'", traceback="---------------------------------------------------------------------------KeyError                                  Traceback (most recent call last)File /usr/local/lib/python3.12/site-packages/pandas/core/indexes/base.py:3805, in Index.get_loc(self, key)\\n   3804 try:\\n-> 3805     return self._engine.get_loc(casted_key)\\n   3806 except KeyError as err:\\nFile index.pyx:167, in pandas._libs.index.IndexEngine.get_loc()\\nFile index.pyx:196, in pandas._libs.index.IndexEngine.get_loc()\\nFile pandas/_libs/hashtable_class_helper.pxi:7081, in pandas._libs.hashtable.PyObjectHashTable.get_item()\\nFile pandas/_libs/hashtable_class_helper.pxi:7089, in pandas._libs.hashtable.PyObjectHashTable.get_item()\\nKeyError: \'Branch\'\\nThe above exception was the direct cause of the following exception:\\nKeyError                                  Traceback (most recent call l... (truncated)

ğŸ”„ Iteration 4/15
ğŸ’­ Agent: I need to properly read the Excel file first to understand its structure. Let me check what sheets are available and the actual column names.


ğŸ”§ Tool calls: 1

   ğŸ“ Calling: read_file
   ğŸ“¥ Args: {'filetype': 'xlsx', 'file_path': './livebench/data/agent_data/qwen3-max-10dollar-1/sandbox/2026-01-...
   âœ… Result: {'type': 'text', 'text': '=== SHEET: Raw Data ===\n\n | Branch | Region | Account | M1 | M2 | M3 | M4 | M5 | M6 | M7 | M8 | M9 | M10 | M11 | M12 | M13 | M14 | M15 | M16 | M17 | M18 | M19 | M20 | M21 | M22 | M23 | M24\n | Branch 1 | G | G&A Admin Headcount | 0 | 0 | 0 | 0 | 0 | 0 | 0 | 0 | 0 | 0 | 0 | 0 | 0 | 0 | 0 | 0 | 0 | 0 | 0 | 0 | 0 | 0 | 0 | 0\n | Branch 2 | G | G&A Admin Headcount | 0 | 0 | 0 | 0 | 0 | 0 | 0 | 0 | 0 | 0 | 0 | 0 | 0 | 0 | 0 | 0 | 0 | 0 | 0 | 0 | 0 | 0 | 0 | 0\n | Branch 1 | G | G&A Admin SG&A | 0 | 0 | 0 | 0 | 0 | 0 | 0 | 0 | 0 | 0 | 0 | 0 | 0 | 0 | 0 | 0 | 0 | 0 | 0 | 0 | 0 | 0 | 0 | 0\n | Branch 2 | G | G&A Admin SG&A | 0 | 0 | 0 | 0 | 0 | 0 | 0 | 0 | 0 | 0 | 0 | 0 | 0 | 0 | 0 | 0 | 0 | 0 | 0 | 0 | 0 | 0 | 0 | 0\n | Branch 1 | G | Marketing Headcount | 0 | 0 | 0 | 0 | 0 | 0 | 0 | 0 | 0 | 0 | 0 | 0 | 0 | 0 | 0 | 0 | 0 | 0 | 0 | 0 | 0 | 0 | 0 | 0\n | Branch 2 | G | Marketing Headcount | 0 | 0 | 0 | 0 | 0 | 0 | 0 | 0 | 0 | 0 | 0 | 0 | 0 | 0 | 0 | 0 | 0 | 0 | 0 | 0... (truncated)

ğŸ”„ Iteration 5/15
âš ï¸ Attempt 1 failed (TimeoutError), retrying in 0.5s...
   Error: API call timed out after 60.0 seconds
âš ï¸ Attempt 2 failed (TimeoutError), retrying in 1.0s...
   Error: API call timed out after 60.0 seconds

âŒ API call failed after 3 retries
   Error: API call timed out after 60.0 seconds
   â­ï¸ Skipping current task and continuing...

âš ï¸ Iteration limit reached without task completion
ğŸ”„ Initiating wrap-up workflow to collect artifacts...

============================================================
ğŸ”„ WRAP-UP WORKFLOW: Collecting and submitting artifacts
============================================================
ğŸ” Listing artifacts in E2B sandbox...
   ğŸ“¦ Connected to sandbox: None
   ğŸ” Scanning directory: /tmp
      Found 0 items in /tmp
   ğŸ” Scanning directory: /home/user
      Found 5 items in /home/user
   ğŸ” Scanning directory: /home/user/artifacts
      âš ï¸ Could not list /home/user/artifacts: path not found: lstat /home/user/artifacts: no such file or directory
   âš ï¸ No artifacts found in any directory
      Scanned: /tmp, /home/user, /home/user/artifacts
   No artifacts found to submit

============================================================
âœ… WRAP-UP WORKFLOW COMPLETE
============================================================


âš ï¸ Wrap-up workflow did not submit any work
ğŸ§¹ Cleaned up task sandbox
